Arguments: 
  C:\Program Files\nodejs\node.exe C:\Program Files (x86)\Yarn\bin\yarn.js

PATH: 
  C:\WINDOWS\system32;C:\WINDOWS;C:\WINDOWS\System32\Wbem;C:\WINDOWS\System32\WindowsPowerShell\v1.0\;C:\WINDOWS\System32\OpenSSH\;C:\Program Files\nodejs\;C:\ProgramData\chocolatey\bin;C:\Program Files\Git\cmd;C:\Program Files (x86)\Yarn\bin\;C:\Users\kuang\AppData\Local\Microsoft\WindowsApps;C:\Users\kuang\AppData\Roaming\npm;C:\Users\kuang\AppData\Local\Yarn\bin

Yarn version: 
  1.17.3

Node version: 
  12.10.0

Platform: 
  win32 x64

Trace: 
  SyntaxError: E:\workspace\summer-y-q.github.io\package.json: Unexpected token } in JSON at position 1525
      at JSON.parse (<anonymous>)
      at C:\Program Files (x86)\Yarn\lib\cli.js:1625:59
      at Generator.next (<anonymous>)
      at step (C:\Program Files (x86)\Yarn\lib\cli.js:304:30)
      at C:\Program Files (x86)\Yarn\lib\cli.js:315:13

npm manifest: 
  {
  	"name": "base-pc-front",
  	"version": "1.0.0",
  	"description": "react vue mobx webpack",
  	"repository": {
  		"type": "git"
  	},
  	"main": "main.js",
  	"scripts": {
  		"start": "npm install && cross-env NODE_ENV=production ENV_TYPE=PRODUCTION node app.js",
  		"dev": "cross-env NODE_ENV=development ENV_TYPE=DEVELOPMENT node app.js",
  		"build": "cross-env NODE_ENV=production ENV_TYPE=PRODUCTION node app.js"
  	},
  	"keywords": [
  		"react",
  		"mobx",
  		"html5"
  	],
  	"author": "ericKuang",
  	"license": "ISC",
  	"dependencies": {
  		"@babel/plugin-proposal-class-properties": "^7.5.5",
  		"@babel/plugin-proposal-decorators": "^7.4.4",
  		"@babel/runtime": "^7.4.5",
  		"@loadable/component": "^5.10.2",
  		"@types/es6-promise": "^3.3.0",
  		"@types/react": "^16.8.20",
  		"@types/react-dom": "^16.8.4",
  		"@types/react-router-dom": "^4.3.4",
  		"cross-env": "^5.2.0",
  		"exports-loader": "^0.7.0",
  		"extract-text-webpack-plugin": "^4.0.0-beta.0",
  		"fancybox": "^3.0.1",
  		"form-data": "^2.3.3",
  		"gsap": "^2.1.3",
  		"lazyload": "^1.8.4",
  		"lodash": "^4.17.11",
  		"moment": "^2.24.0",
  		"opn": "^6.0.0",
  		"ora": "^3.4.0",
  		"react": "^16.8.6",
  		"react-animations": "^1.0.0",
  		"react-dom": "^16.8.6",
  		"react-redux": "^7.1.0",
  		"react-router": "^5.0.1",
  		"react-router-dom": "^5.0.1",
  		"react-slick": "^0.24.0",
  		"redux": "^4.0.1",
  		"redux-devtools": "^3.5.0",
  		"redux-thunk": "^2.3.0",
  		"sass": "1.22.0",
  		"sass-loader": "^7.2.0",
  		"shaderfrog-runtime": "^0.2.0",
  		"swiper": "^4.5.0",
  		"uglifyjs-webpack-plugin": "^2.2.0",
  	},
  	"devDependencies": {
  		"@babel/cli": "^7.2.3",
  		"@babel/core": "^7.2.2",
  		"@babel/plugin-syntax-dynamic-import": "^7.2.0",
  		"@babel/plugin-transform-runtime": "^7.2.0",
  		"@babel/plugin-transform-strict-mode": "^7.2.0",
  		"@babel/preset-env": "^7.3.1",
  		"@babel/preset-react": "^7.0.0",
  		"@babel/register": "^7.0.0",
  		"babel-loader": "^8.0.5",
  		"babel-plugin-component": "^1.1.1",
  		"babel-plugin-dynamic-import-node": "^2.2.0",
  		"babel-plugin-transform-decorators-legacy": "^1.3.5",
  		"chalk": "^2.4.2",
  		"cheerio": "^0.22.0",
  		"copy-webpack-plugin": "^5.0.0",
  		"css-loader": "^3.0.0",
          "deepmerge": "^4.0.0",
  		"fibers": "^4.0.1",
  		"file-loader": "^4.0.0",
  		"html-webpack-plugin": "^4.0.0-beta.5",
  		"open": "^6.3.0",
  		"portfinder": "^1.0.20",
  		"progress-bar-webpack-plugin": "^1.12.1",
  		"qoa": "^0.2.0",
  		"rimraf": "^2.6.3",
  		"style-loader": "^0.23.1",
  		"stylus": "^0.54.5",
  		"stylus-loader": "^3.0.2",
  		"svg-inline-loader": "^0.8.0",
  		"svg-sprite-loader": "^4.1.3",
  		"swig": "^1.4.2",
  		"terser-webpack-plugin": "^1.2.3",
  		"url-loader": "^2.0.0",
  		"webpack": "4.16.0",
  		"webpack-bundle-analyzer": "^3.0.3",
  		"webpack-cli": "^3.2.3",
  		"webpack-dev-server": "^3.2.0",
  		"webpack-hot-middleware": "^2.24.3"
  	}
  }

yarn manifest: 
  No manifest

Lockfile: 
  No lockfile
